<?xml version="1.0" encoding="utf-8"?><testsuites name="pytest tests"><testsuite name="pytest" errors="0" failures="0" skipped="0" tests="11" time="1.434" timestamp="2026-03-21T23:07:21.899507+00:00" hostname="agent-env-fb9e051b-1226-4765-aa9b-c92105b3cd38"><testcase classname="backend.tests.test_rebrand_vip.TestHealthAndBasicAPIs" name="test_health_endpoint" time="0.198" /><testcase classname="backend.tests.test_rebrand_vip.TestHealthAndBasicAPIs" name="test_providers_endpoint" time="0.121" /><testcase classname="backend.tests.test_rebrand_vip.TestVIPCampaigns" name="test_get_all_vip_campaigns" time="0.103" /><testcase classname="backend.tests.test_rebrand_vip.TestVIPCampaigns" name="test_get_featured_vip_campaigns" time="0.144" /><testcase classname="backend.tests.test_rebrand_vip.TestVIPCampaigns" name="test_exclusive_extras_contain_rakestake" time="0.108" /><testcase classname="backend.tests.test_rebrand_vip.TestVIPCampaigns" name="test_campaign_casino_names" time="0.169" /><testcase classname="backend.tests.test_rebrand_vip.TestVIPCampaigns" name="test_campaign_sort_order" time="0.100" /><testcase classname="backend.tests.test_rebrand_vip.TestSearchFunctionality" name="test_search_stake_returns_one_result" time="0.100" /><testcase classname="backend.tests.test_rebrand_vip.TestSearchFunctionality" name="test_search_bc_returns_one_result" time="0.115" /><testcase classname="backend.tests.test_rebrand_vip.TestSearchFunctionality" name="test_search_empty_returns_all" time="0.113" /><testcase classname="backend.tests.test_rebrand_vip.TestStatisticsAPI" name="test_stats_endpoint" time="0.103" /></testsuite></testsuites>