<?xml version="1.0" encoding="utf-8"?><testsuites name="pytest tests"><testsuite name="pytest" errors="0" failures="0" skipped="0" tests="11" time="1.404" timestamp="2026-03-21T23:28:50.324101+00:00" hostname="agent-env-fb9e051b-1226-4765-aa9b-c92105b3cd38"><testcase classname="backend.tests.test_phase1_features.TestHealthCheck" name="test_health_endpoint" time="0.191" /><testcase classname="backend.tests.test_phase1_features.TestVIPCampaigns" name="test_campaigns_endpoint_returns_200" time="0.113" /><testcase classname="backend.tests.test_phase1_features.TestVIPCampaigns" name="test_campaigns_returns_3_casinos" time="0.187" /><testcase classname="backend.tests.test_phase1_features.TestVIPCampaigns" name="test_stake_affiliate_link" time="0.174" /><testcase classname="backend.tests.test_phase1_features.TestVIPCampaigns" name="test_shuffle_affiliate_link" time="0.108" /><testcase classname="backend.tests.test_phase1_features.TestVIPCampaigns" name="test_rainbet_affiliate_link" time="0.110" /><testcase classname="backend.tests.test_phase1_features.TestVIPCampaigns" name="test_casino_has_required_fields" time="0.113" /><testcase classname="backend.tests.test_phase1_features.TestVIPCampaigns" name="test_stake_casino_details" time="0.103" /><testcase classname="backend.tests.test_phase1_features.TestVIPCampaigns" name="test_shuffle_casino_details" time="0.147" /><testcase classname="backend.tests.test_phase1_features.TestVIPCampaigns" name="test_rainbet_casino_details" time="0.100" /><testcase classname="backend.tests.test_phase1_features.TestVIPLevels" name="test_vip_levels_structure" time="0.000" /></testsuite></testsuites>