<?xml version="1.0" encoding="utf-8"?><testsuites name="pytest tests"><testsuite name="pytest" errors="0" failures="0" skipped="0" tests="9" time="1.395" timestamp="2026-03-21T22:52:33.346972+00:00" hostname="agent-env-fb9e051b-1226-4765-aa9b-c92105b3cd38"><testcase classname="tests.test_vip_campaigns.TestVIPCampaignsAPI" name="test_get_all_campaigns_success" time="0.218" /><testcase classname="tests.test_vip_campaigns.TestVIPCampaignsAPI" name="test_get_all_campaigns_contains_expected_casinos" time="0.143" /><testcase classname="tests.test_vip_campaigns.TestVIPCampaignsAPI" name="test_get_featured_campaigns_success" time="0.142" /><testcase classname="tests.test_vip_campaigns.TestVIPCampaignsAPI" name="test_featured_campaigns_are_stake_and_bcgame" time="0.118" /><testcase classname="tests.test_vip_campaigns.TestVIPCampaignsAPI" name="test_campaign_data_structure_stake" time="0.138" /><testcase classname="tests.test_vip_campaigns.TestVIPCampaignsAPI" name="test_campaign_data_structure_bcgame" time="0.108" /><testcase classname="tests.test_vip_campaigns.TestVIPCampaignsAPI" name="test_campaigns_sorted_by_sort_order" time="0.108" /><testcase classname="tests.test_vip_campaigns.TestVIPCampaignsAPI" name="test_campaign_referral_links_present" time="0.148" /><testcase classname="tests.test_vip_campaigns.TestHealthEndpoint" name="test_health_check" time="0.095" /></testsuite></testsuites>